
Gurobi 11.0.0 (linux64) logging started Mon Mar 18 14:40:02 2024

Set parameter LogFile to value "log_auto/3x3.log"
Set parameter InfUnbdInfo to value 1
Gurobi Optimizer version 11.0.0 build v11.0.0rc2 (linux64 - "Ubuntu 20.04.6 LTS")

CPU model: Intel(R) Core(TM) i5-8265U CPU @ 1.60GHz, instruction set [SSE2|AVX|AVX2]
Thread count: 4 physical cores, 8 logical processors, using up to 8 threads

Optimize a model with 4892 rows, 1681 columns and 14560 nonzeros
Model fingerprint: 0xf8ffdb6c
Variable types: 750 continuous, 931 integer (0 binary)
Coefficient statistics:
  Matrix range     [1e+00, 1e+02]
  Objective range  [3e+01, 3e+01]
  Bounds range     [1e+00, 2e+00]
  RHS range        [1e+00, 1e+02]
Using branch priorities (all 0).
Found heuristic solution: objective 621.0000000
Presolve removed 1326 rows and 739 columns
Presolve time: 0.02s
Presolved: 3566 rows, 942 columns, 11484 nonzeros
Variable types: 0 continuous, 942 integer (843 binary)
Found heuristic solution: objective 486.0000000

Root relaxation: objective 0.000000e+00, 622 iterations, 0.02 seconds (0.02 work units)

    Nodes    |    Current Node    |     Objective Bounds      |     Work
 Expl Unexpl |  Obj  Depth IntInf | Incumbent    BestBd   Gap | It/Node Time

     0     0    0.00000    0   18  486.00000    0.00000   100%     -    0s
H    0     0                     135.0000000    0.00000   100%     -    0s
     0     0    0.00000    0   39  135.00000    0.00000   100%     -    0s
     0     0    0.00000    0   31  135.00000    0.00000   100%     -    0s
H    0     0                     108.0000000    0.00000   100%     -    0s
     0     0    0.00000    0   27  108.00000    0.00000   100%     -    0s
     0     0    0.00000    0   40  108.00000    0.00000   100%     -    0s
H    0     0                      81.0000000    0.00000   100%     -    0s
     0     0    0.00000    0   20   81.00000    0.00000   100%     -    0s
     0     0    0.00000    0   30   81.00000    0.00000   100%     -    0s
H    0     0                      54.0000000    0.00000   100%     -    0s
     0     0    0.00000    0   17   54.00000    0.00000   100%     -    0s
     0     0    0.00000    0   15   54.00000    0.00000   100%     -    0s
     0     2    0.00000    0   11   54.00000    0.00000   100%     -    0s
H 1679   879                      27.0000000    0.00000   100%  20.1    3s
  1702   882    0.00000   68    6   27.00000    0.00000   100%  20.3    5s
H 2017   901                       0.0000000    0.00000  0.00%  15.3    7s

Cutting planes:
  Gomory: 2
  Cover: 1
  Implied bound: 5
  Projected implied bound: 1
  MIR: 2
  Flow cover: 15
  Zero half: 2
  RLT: 6
  Relax-and-lift: 13

Explored 2057 nodes (57919 simplex iterations) in 7.26 seconds (6.43 work units)
Thread count was 8 (of 8 available processors)

Solution count 8: 0 27 54 ... 621

Optimal solution found (tolerance 1.00e-04)
Best objective 0.000000000000e+00, best bound 0.000000000000e+00, gap 0.0000%

Gurobi 11.0.0 (linux64) logging started Tue Mar 19 14:52:40 2024

Set parameter LogFile to value "log_auto/3x3.log"
Set parameter InfUnbdInfo to value 1
Gurobi Optimizer version 11.0.0 build v11.0.0rc2 (linux64 - "Ubuntu 20.04.6 LTS")

CPU model: Intel(R) Core(TM) i5-8265U CPU @ 1.60GHz, instruction set [SSE2|AVX|AVX2]
Thread count: 4 physical cores, 8 logical processors, using up to 8 threads

Optimize a model with 4892 rows, 1681 columns and 14560 nonzeros
Model fingerprint: 0x5127a653
Variable types: 750 continuous, 931 integer (0 binary)
Coefficient statistics:
  Matrix range     [1e+00, 1e+02]
  Objective range  [1e+00, 1e+00]
  Bounds range     [1e+00, 2e+00]
  RHS range        [1e+00, 1e+02]
Using branch priorities (all 0).
Found heuristic solution: objective 23.0000000
Presolve removed 1326 rows and 739 columns
Presolve time: 0.04s
Presolved: 3566 rows, 942 columns, 11484 nonzeros
Variable types: 0 continuous, 942 integer (843 binary)
Found heuristic solution: objective 18.0000000

Root relaxation: objective 0.000000e+00, 606 iterations, 0.02 seconds (0.02 work units)

    Nodes    |    Current Node    |     Objective Bounds      |     Work
 Expl Unexpl |  Obj  Depth IntInf | Incumbent    BestBd   Gap | It/Node Time

     0     0    0.00000    0   18   18.00000    0.00000   100%     -    0s
H    0     0                       5.0000000    0.00000   100%     -    0s
     0     0    0.00000    0   45    5.00000    0.00000   100%     -    0s
H    0     0                       4.0000000    0.00000   100%     -    0s
     0     0    0.00000    0   49    4.00000    0.00000   100%     -    0s
     0     0    0.00000    0   19    4.00000    0.00000   100%     -    0s
     0     0    0.00000    0   38    4.00000    0.00000   100%     -    0s
     0     0    0.00000    0   18    4.00000    0.00000   100%     -    0s
     0     0    0.00000    0   25    4.00000    0.00000   100%     -    0s
     0     0    0.00000    0   15    4.00000    0.00000   100%     -    0s
     0     0    0.00000    0   31    4.00000    0.00000   100%     -    0s
     0     0    0.00000    0   22    4.00000    0.00000   100%     -    0s
     0     0    0.00000    0   13    4.00000    0.00000   100%     -    0s
     0     2    0.00000    0   10    4.00000    0.00000   100%     -    0s
H  111    87                       2.0000000    0.00000   100%  26.7    0s
H 1579   844                       1.0000000    0.00000   100%  16.1    2s
  1730   897    0.00000   36   17    1.00000    0.00000   100%  13.0    5s
* 2511  1019              69       0.0000000    0.00000  0.00%  24.6    7s

Cutting planes:
  Learned: 10
  Gomory: 8
  Cover: 26
  Implied bound: 21
  Projected implied bound: 13
  Clique: 2
  MIR: 10
  StrongCG: 2
  Flow cover: 37
  GUB cover: 7
  Zero half: 9
  RLT: 12
  Relax-and-lift: 39
  BQP: 4
  PSD: 3

Explored 2864 nodes (112578 simplex iterations) in 7.83 seconds (7.72 work units)
Thread count was 8 (of 8 available processors)

Solution count 7: 0 1 2 ... 23

Optimal solution found (tolerance 1.00e-04)
Best objective 0.000000000000e+00, best bound 0.000000000000e+00, gap 0.0000%
