
Gurobi 11.0.0 (linux64) logging started Mon Mar 18 15:19:04 2024

Set parameter LogFile to value "log_auto/4x4.log"
Set parameter InfUnbdInfo to value 1
Gurobi Optimizer version 11.0.0 build v11.0.0rc2 (linux64 - "AlmaLinux 9.3 (Shamrock Pampas Cat)")

CPU model: Intel(R) Xeon(R) W-1290P CPU @ 3.70GHz, instruction set [SSE2|AVX|AVX2]
Thread count: 10 physical cores, 20 logical processors, using up to 20 threads

Optimize a model with 29566 rows, 8412 columns and 85727 nonzeros
Model fingerprint: 0x4c726fea
Variable types: 4043 continuous, 4369 integer (0 binary)
Coefficient statistics:
  Matrix range     [1e+00, 1e+02]
  Objective range  [6e+01, 6e+01]
  Bounds range     [1e+00, 3e+00]
  RHS range        [1e+00, 1e+02]
Using branch priorities (all 0).
Presolve removed 7733 rows and 4009 columns
Presolve time: 0.10s
Presolved: 21833 rows, 4403 columns, 69466 nonzeros
Variable types: 0 continuous, 4403 integer (4204 binary)
Found heuristic solution: objective 3776.0000000
Found heuristic solution: objective 3520.0000000

Root relaxation: objective 0.000000e+00, 1934 iterations, 0.09 seconds (0.17 work units)

    Nodes    |    Current Node    |     Objective Bounds      |     Work
 Expl Unexpl |  Obj  Depth IntInf | Incumbent    BestBd   Gap | It/Node Time

     0     0    0.00000    0   97 3520.00000    0.00000   100%     -    0s
H    0     0                    1344.0000000    0.00000   100%     -    0s
     0     0    0.00000    0  171 1344.00000    0.00000   100%     -    0s
     0     0    0.00000    0  162 1344.00000    0.00000   100%     -    1s
H    0     0                    1088.0000000    0.00000   100%     -    1s
     0     0    0.00000    0   87 1088.00000    0.00000   100%     -    1s
H    0     0                    1024.0000000    0.00000   100%     -    1s
     0     0    0.00000    0   86 1024.00000    0.00000   100%     -    1s
H    0     0                     960.0000000    0.00000   100%     -    2s
H    0     0                     896.0000000    0.00000   100%     -    2s
H    0     0                     768.0000000    0.00000   100%     -    2s
H    0     0                     704.0000000    0.00000   100%     -    2s
     0     0    0.00000    0   52  704.00000    0.00000   100%     -    2s
H    0     0                     640.0000000    0.00000   100%     -    2s
     0     0    0.00000    0   54  640.00000    0.00000   100%     -    2s
H    0     0                     448.0000000    0.00000   100%     -    2s
H    0     0                     384.0000000    0.00000   100%     -    2s
     0     0    0.00000    0   73  384.00000    0.00000   100%     -    2s
     0     0    0.00000    0   77  384.00000    0.00000   100%     -    2s
     0     0    0.00000    0   70  384.00000    0.00000   100%     -    3s
     0     0    0.00000    0   69  384.00000    0.00000   100%     -    3s
     0     0    0.00000    0   69  384.00000    0.00000   100%     -    3s
     0     0    0.00000    0   69  384.00000    0.00000   100%     -    3s
     0     0    0.00000    0   68  384.00000    0.00000   100%     -    3s
     0     0    0.00000    0   74  384.00000    0.00000   100%     -    3s
     0     0    0.00000    0   76  384.00000    0.00000   100%     -    3s
     0     0    0.00000    0   70  384.00000    0.00000   100%     -    4s
H    0     2                     256.0000000    0.00000   100%     -    4s
     0     2    0.00000    0   46  256.00000    0.00000   100%     -    4s
H   33    19                     192.0000000    0.00000   100%   121    4s
H   72    36                     128.0000000    0.00000   100%  79.7    8s
   435   481    0.00000   36   84  128.00000    0.00000   100%  24.8   10s
  1011  1378    0.00000   80   83  128.00000    0.00000   100%  19.1   16s
  5174  3066    0.00000  251   29  128.00000    0.00000   100%  11.8   20s
  5225  3103    0.00000   20   59  128.00000    0.00000   100%  16.6   25s
  5746  3288    0.00000   49   47  128.00000    0.00000   100%  20.2   34s
  5758  3548   64.00000   50   43  128.00000    0.00000   100%  20.1   36s
  6845  3929   64.00000   96   74  128.00000    0.00000   100%  26.0   42s
  7436  4161   64.00000  121   59  128.00000    0.00000   100%  28.8   45s
  9176  5641    0.00000   60   77  128.00000    0.00000   100%  33.8   51s
 12565  8480   64.00000  165   57  128.00000    0.00000   100%  30.1   55s
 17015 11342    0.00000  171  106  128.00000    0.00000   100%  26.6   62s
 23496 12639    0.00000   98   40  128.00000    0.00000   100%  23.2   65s
 29477 18650    0.00000  126   71  128.00000    0.00000   100%  23.0   71s
 32807 21982   18.28571  224   77  128.00000    0.00000   100%  21.8   94s
 39056 22462 infeasible  185       128.00000    0.00000   100%  20.4   95s
 42953 23942    0.00000  106   61  128.00000    0.00000   100%  21.7  104s
 42963 24135 infeasible  106       128.00000    0.00000   100%  21.7  105s
 46476 25174   32.00000  152   58  128.00000    0.00000   100%  23.6  110s
 48890 26116    0.00000   36   76  128.00000    0.00000   100%  24.8  115s
 50645 29476   64.00000   86   57  128.00000    0.00000   100%  25.5  122s
 59177 32028    0.00000  145   59  128.00000    0.00000   100%  24.7  126s
 65565 33758 infeasible   76       128.00000    0.00000   100%  24.1  130s
 67859 36936    4.12903  196   81  128.00000    0.00000   100%  24.8  135s
 74590 37246    0.00000  101   52  128.00000    0.00000   100%  24.4  141s
 76462 38773 infeasible  188       128.00000    0.00000   100%  24.6  145s
 82832 40972    0.00000  195   52  128.00000    0.00000   100%  24.5  151s
 83501 41601   64.00000  167   47  128.00000    0.00000   100%  24.6  155s
 93349 45477    0.00000  126   56  128.00000    0.00000   100%  24.9  160s
 97951 48437   64.00000  184   79  128.00000    0.00000   100%  25.6  166s
 102773 49232    0.00000  131   66  128.00000    0.00000   100%  25.5  170s
 107205 49530    0.00000  129   54  128.00000    0.00000   100%  25.8  176s
 108448 50275     cutoff  114       128.00000    0.00000   100%  25.9  180s
 112939 51100   14.40000  194   94  128.00000    0.00000   100%  26.6  185s
 116508 51891     cutoff  146       128.00000    0.00000   100%  27.0  190s
 121368 52644   64.00000  125   62  128.00000    0.00000   100%  27.5  196s
 124172 55323   64.00000  146   47  128.00000    0.00000   100%  27.9  200s
H131451 30852                      64.0000000    0.00000   100%  27.5  203s
 131464 30833    0.00000  125   70   64.00000    0.00000   100%  27.5  205s
 131500 30862    0.00000   28   21   64.00000    0.00000   100%  27.2  210s
 131560 30876    0.00000   31   29   64.00000    0.00000   100%  27.2  215s
 132316 31298    0.00000   68   45   64.00000    0.00000   100%  27.4  222s
 132763 31505    0.00000   81   46   64.00000    0.00000   100%  27.6  225s
 134084 31676    0.00000  185   46   64.00000    0.00000   100%  28.1  232s
 134627 31736    0.00000  119   43   64.00000    0.00000   100%  28.3  236s
 135671 32698    0.00000  144   47   64.00000    0.00000   100%  28.7  244s
 136906 32739    0.00000   80   51   64.00000    0.00000   100%  28.9  247s
 138468 32749    0.00000  165   52   64.00000    0.00000   100%  29.1  259s
 138483 33397    0.00000  166   62   64.00000    0.00000   100%  29.1  262s
 140216 34152    0.00000  135   47   64.00000    0.00000   100%  29.6  267s
 141749 34863 infeasible  163        64.00000    0.00000   100%  30.0  272s
 142693 35287    0.00000  126   48   64.00000    0.00000   100%  30.3  275s
 144871 36774    0.00000  185   61   64.00000    0.00000   100%  30.8  281s
 146705 37687    0.00000  137   43   64.00000    0.00000   100%  31.0  286s
 149552 38235    0.00000   96   49   64.00000    0.00000   100%  31.3  292s
 150761 38779    0.00000   51   49   64.00000    0.00000   100%  31.6  295s
 151917 39892    0.00000  125   30   64.00000    0.00000   100%  31.9  301s
 154816 40900    0.00000  142   45   64.00000    0.00000   100%  32.5  308s
 156225 41845    0.00000  133   62   64.00000    0.00000   100%  32.8  313s
 157951 41494    0.00000  120   69   64.00000    0.00000   100%  33.0  320s
 158224 42858    0.00000  130   75   64.00000    0.00000   100%  33.1  325s
 161614 44506    0.00000  141   42   64.00000    0.00000   100%  33.6  334s
 163430 45234    0.00000   86   24   64.00000    0.00000   100%  33.9  338s
 165042 46219    0.00000   93   43   64.00000    0.00000   100%  34.2  342s
 166974 46836    0.00000  147   69   64.00000    0.00000   100%  34.3  347s
 168657 48420    0.00000  124   43   64.00000    0.00000   100%  34.5  352s
 171375 51595    0.00000   87   57   64.00000    0.00000   100%  34.6  356s
 179656 51152    0.00000   90   49   64.00000    0.00000   100%  33.9  364s
 179666 52365 infeasible   91        64.00000    0.00000   100%  33.9  365s
 183917 54630    0.00000   87   35   64.00000    0.00000   100%  33.7  370s
 185814 57581    0.00000  115   46   64.00000    0.00000   100%  33.6  375s
 192575 58010    0.00000  125   56   64.00000    0.00000   100%  33.5  381s
 194723 59071    0.00000  114   50   64.00000    0.00000   100%  33.7  385s
 195909 58685    0.00000  134   37   64.00000    0.00000   100%  33.7  390s
 198188 60550    0.00000   91   41   64.00000    0.00000   100%  33.7  396s
 200817 61518    0.00000  111   65   64.00000    0.00000   100%  33.7  400s
 201654 61249    0.00000  146   46   64.00000    0.00000   100%  33.9  406s
 203411 63094    0.00000  122   54   64.00000    0.00000   100%  33.9  413s
 204707 65013    0.00000  128   38   64.00000    0.00000   100%  34.0  417s
 207616 65961    0.00000  109   65   64.00000    0.00000   100%  34.0  420s
 211005 67193    0.00000  120   76   64.00000    0.00000   100%  34.0  426s
 214517 68839    0.00000  105   49   64.00000    0.00000   100%  34.0  431s
 218758 70683    0.00000  111   56   64.00000    0.00000   100%  34.0  435s
 221138 74850    0.00000  145   31   64.00000    0.00000   100%  33.9  440s
 235007 78640    0.00000  113   58   64.00000    0.00000   100%  32.6  445s
 238660 83077    0.00000  125   35   64.00000    0.00000   100%  32.3  450s
 246338 83735    0.00000  195   38   64.00000    0.00000   100%  31.8  456s
 246691 84193    0.00000  207   29   64.00000    0.00000   100%  31.9  460s
 250856 87723    0.00000  106   32   64.00000    0.00000   100%  31.8  465s
 256131 93391 infeasible  302        64.00000    0.00000   100%  31.6  472s
 261609 94102    0.00000  115   41   64.00000    0.00000   100%  31.3  475s
 267611 97468    0.00000  278   40   64.00000    0.00000   100%  31.0  480s
 272526 101624    0.00000  135   47   64.00000    0.00000   100%  31.0  488s
 274615 103079    0.00000  116   63   64.00000    0.00000   100%  31.0  490s
 277656 103786    0.00000  125   51   64.00000    0.00000   100%  31.0  499s
 277666 104196    0.00000  126   51   64.00000    0.00000   100%  31.0  501s
 278814 105840    0.00000   93   46   64.00000    0.00000   100%  31.3  505s
 282015 107648    0.00000  102   44   64.00000    0.00000   100%  31.3  510s
 285653 110833    0.00000  165   78   64.00000    0.00000   100%  31.2  515s
 289647 113264    0.00000  145   32   64.00000    0.00000   100%  31.1  520s
 296439 115769    0.00000  135   46   64.00000    0.00000   100%  30.9  525s
 300388 119826    0.00000  113   72   64.00000    0.00000   100%  30.8  530s
 305998 124462    0.00000  148   49   64.00000    0.00000   100%  30.6  536s
 309531 124471 infeasible  132        64.00000    0.00000   100%  30.5  541s
 310098 125275    0.00000  158   40   64.00000    0.00000   100%  30.6  545s
 311793 126455 infeasible  121        64.00000    0.00000   100%  30.9  550s
 313985 128549    0.00000  103   49   64.00000    0.00000   100%  31.0  555s
 319678 132158 infeasible  115        64.00000    0.00000   100%  31.0  561s
 322889 135488    0.00000  115   54   64.00000    0.00000   100%  30.9  566s
 326543 137107    0.00000  117   44   64.00000    0.00000   100%  30.8  570s
 329766 138912    0.00000  169   48   64.00000    0.00000   100%  30.9  578s
 329777 139732    0.00000  170   48   64.00000    0.00000   100%  30.9  580s
 333966 142709    0.00000  129   52   64.00000    0.00000   100%  30.8  585s
 338292 144935 infeasible  162        64.00000    0.00000   100%  30.8  591s
 339601 146413    0.00000  103   45   64.00000    0.00000   100%  30.9  596s
 340348 148176    0.00000  169   47   64.00000    0.00000   100%  31.0  601s
 342562 149829    0.00000   93   47   64.00000    0.00000   100%  31.1  605s
 347700 152905    0.00000   85   52   64.00000    0.00000   100%  31.2  612s
 348824 152915    0.00000  121   43   64.00000    0.00000   100%  31.2  617s
 348834 154465    0.00000  122   43   64.00000    0.00000   100%  31.2  620s
 353493 159517    0.00000  197   54   64.00000    0.00000   100%  31.2  626s
 359268 162035    0.00000  125   60   64.00000    0.00000   100%  31.0  632s
 361986 163752    0.00000  148   57   64.00000    0.00000   100%  31.1  637s
 362969 164728    0.00000  114   40   64.00000    0.00000   100%  31.1  640s
 365173 166694    0.00000   81   26   64.00000    0.00000   100%  31.3  646s
 367220 167556    0.00000   76   47   64.00000    0.00000   100%  31.4  660s
 369035 170250    0.00000  118   45   64.00000    0.00000   100%  31.6  667s
 370810 170995    0.00000   79   48   64.00000    0.00000   100%  31.7  670s
 373368 173839    0.00000   76   30   64.00000    0.00000   100%  31.9  678s
 375038 174812    0.00000  155   56   64.00000    0.00000   100%  32.0  681s
 377590 177399    0.00000   95   30   64.00000    0.00000   100%  32.1  688s
 379337 179038    0.00000  122   68   64.00000    0.00000   100%  32.2  691s
 381372 183156    0.00000  135   35   64.00000    0.00000   100%  32.2  695s
 390768 189213    0.00000  257   57   64.00000    0.00000   100%  32.1  701s
 393993 194063    0.00000  201   55   64.00000    0.00000   100%  31.9  705s
 400993 195114    0.00000  138   57   64.00000    0.00000   100%  31.7  711s
 402515 197855    0.00000  115   72   64.00000    0.00000   100%  31.7  715s
 410166 206746    0.00000  225   35   64.00000    0.00000   100%  31.5  723s
 417050 209500 infeasible  191        64.00000    0.00000   100%  31.4  725s
 422597 214112    0.00000  224   66   64.00000    0.00000   100%  31.4  730s
 425712 215752    0.00000  190   58   64.00000    0.00000   100%  31.5  735s
 427556 217772    0.00000  295   48   64.00000    0.00000   100%  31.5  740s
 435786 224082    0.00000   97   36   64.00000    0.00000   100%  31.6  745s
 440621 227715    0.00000  165   45   64.00000    0.00000   100%  31.6  750s
 440681 227914    0.00000  166   45   64.00000    0.00000   100%  31.6  755s
 443048 230212    0.00000  155   40   64.00000    0.00000   100%  31.7  760s
 445191 232396    0.00000  177   43   64.00000    0.00000   100%  31.9  765s
 447488 234471    0.00000  165   56   64.00000    0.00000   100%  32.0  770s
 450945 240505    0.00000  164   49   64.00000    0.00000   100%  32.2  777s
 457785 241878 infeasible  210        64.00000    0.00000   100%  32.2  780s
 460384 244059    0.00000  153   38   64.00000    0.00000   100%  32.3  786s
 466718 247817    0.00000  157   48   64.00000    0.00000   100%  32.3  794s
 466729 248202    0.00000  158   45   64.00000    0.00000   100%  32.3  795s
 469070 249879    0.00000  154   47   64.00000    0.00000   100%  32.4  800s
 472577 252562    0.00000  159   57   64.00000    0.00000   100%  32.7  806s
 475342 254168    0.00000  148   58   64.00000    0.00000   100%  32.8  811s
 476897 256046    0.00000  170   66   64.00000    0.00000   100%  32.9  816s
 479928 262147    0.00000   91   25   64.00000    0.00000   100%  33.1  822s
 487172 263114 infeasible  173        64.00000    0.00000   100%  33.0  829s
 487183 263604    0.00000  176   54   64.00000    0.00000   100%  33.0  830s
 489846 265798    0.00000  190   63   64.00000    0.00000   100%  33.2  836s
 492568 267827    0.00000  208   51   64.00000    0.00000   100%  33.3  840s
 494821 269642    0.00000  165   49   64.00000    0.00000   100%  33.5  846s
 497912 276220    0.00000  160   30   64.00000    0.00000   100%  33.6  853s
 504934 277342 infeasible  236        64.00000    0.00000   100%  33.5  855s
 509668 281792    0.00000  142   48   64.00000    0.00000   100%  33.5  862s
 511030 282804    0.00000  182   40   64.00000    0.00000   100%  33.6  865s
 512422 284038    0.00000  116   47   64.00000    0.00000   100%  33.7  871s
 515541 285995    0.00000  173   53   64.00000    0.00000   100%  33.9  877s
 518239 288163    0.00000  237   43   64.00000    0.00000   100%  34.0  882s
 519941 293641 infeasible  230        64.00000    0.00000   100%  34.1  886s
 528648 295275 infeasible  138        64.00000    0.00000   100%  33.9  891s
 530726 296646    0.00000  251   41   64.00000    0.00000   100%  34.0  896s
 534321 297751    0.00000  244   54   64.00000    0.00000   100%  34.1  903s
 534331 298573 infeasible  245        64.00000    0.00000   100%  34.1  906s
 537165 300114 infeasible  242        64.00000    0.00000   100%  34.2  910s
 539415 302276    0.00000  244   47   64.00000    0.00000   100%  34.3  915s
 542479 304341    0.00000  145   48   64.00000    0.00000   100%  34.5  920s
 548593 308012 infeasible  197        64.00000    0.00000   100%  34.4  925s
 551036 310484    0.00000  153   47   64.00000    0.00000   100%  34.6  930s
 556682 314451 infeasible  234        64.00000    0.00000   100%  34.6  935s
 558678 316116    0.00000  157   76   64.00000    0.00000   100%  34.7  940s
 563625 318971 infeasible  245        64.00000    0.00000   100%  34.5  947s
 563679 326001    0.00000  165   25   64.00000    0.00000   100%  34.5  964s
 573689 331276    0.00000  171   29   64.00000    0.00000   100%  35.0  968s
 580780 331628    0.00000  235   64   64.00000    0.00000   100%  34.8  971s
 581556 332827    0.00000  205   59   64.00000    0.00000   100%  34.8  975s
 585497 333157    0.00000  201   27   64.00000    0.00000   100%  35.0  983s
 585515 333828    0.00000  202   32   64.00000    0.00000   100%  35.0  986s
 588361 335641    0.00000  187   48   64.00000    0.00000   100%  35.1  992s
 591757 338120    0.00000  163   67   64.00000    0.00000   100%  35.3  997s
 593482 339371    0.00000  148   56   64.00000    0.00000   100%  35.4 1000s
 596572 341292    0.00000  165   47   64.00000    0.00000   100%  35.5 1005s
 599033 343166    0.00000  165   51   64.00000    0.00000   100%  35.6 1011s
 602184 344946    0.00000  169   69   64.00000    0.00000   100%  35.8 1017s
 603757 346055    0.00000  169   33   64.00000    0.00000   100%  35.8 1020s
 605565 346962    0.00000  162   55   64.00000    0.00000   100%  35.9 1027s
 608639 349144    0.00000  287   60   64.00000    0.00000   100%  36.0 1032s
 610370 350339    0.00000  297   56   64.00000    0.00000   100%  36.1 1035s
 613169 352726    0.00000  153   47   64.00000    0.00000   100%  36.2 1040s
 620907 357953    0.00000  155   40   64.00000    0.00000   100%  36.1 1045s
 622696 359112    0.00000  164   45   64.00000    0.00000   100%  36.1 1053s
 623778 360130 infeasible  109        64.00000    0.00000   100%  36.1 1055s
 627086 362466    0.00000  132   35   64.00000    0.00000   100%  36.2 1060s
 629721 365009    0.00000  145   50   64.00000    0.00000   100%  36.3 1065s
 632796 367161 infeasible  174        64.00000    0.00000   100%  36.3 1070s
 640834 372667    0.00000  215   42   64.00000    0.00000   100%  36.2 1075s
 645320 375510    0.00000  276   44   64.00000    0.00000   100%  36.2 1081s
 647502 376584    0.00000  217   65   64.00000    0.00000   100%  36.3 1090s
 647527 382938    0.00000  218   65   64.00000    0.00000   100%  36.3 1106s
 657537 387140    0.00000  182   76   64.00000    0.00000   100%  36.7 1110s
 664688 389183    0.00000  169   51   64.00000    0.00000   100%  36.6 1116s
 670781 392958    0.00000  134   36   64.00000    0.00000   100%  36.6 1120s
 672251 393440    0.00000  211   42   64.00000    0.00000   100%  36.6 1127s
 673995 394743    0.00000  175   48   64.00000    0.00000   100%  36.7 1131s
 676267 396867    0.00000  159   50   64.00000    0.00000   100%  36.7 1136s
 679452 398920    0.00000  145   70   64.00000    0.00000   100%  36.8 1141s
 684701 403179    0.00000  222   48   64.00000    0.00000   100%  36.8 1146s
 687755 406894    0.00000  195   53   64.00000    0.00000   100%  36.8 1151s
 692917 408392    0.00000  216   68   64.00000    0.00000   100%  36.8 1160s
 695062 410618 infeasible  213        64.00000    0.00000   100%  36.9 1166s
H695488  1193                       0.0000000    0.00000  0.00%  36.9 1166s

Cutting planes:
  Gomory: 22
  Cover: 40
  Implied bound: 46
  Projected implied bound: 1
  Clique: 20
  MIR: 21
  Flow cover: 69
  GUB cover: 11
  Zero half: 21
  RLT: 53
  Relax-and-lift: 106
  BQP: 1
  PSD: 10

Explored 695850 nodes (25787228 simplex iterations) in 1166.36 seconds (2319.47 work units)
Thread count was 20 (of 20 available processors)

Solution count 10: 0 0 64 ... 704

Optimal solution found (tolerance 1.00e-04)
Best objective 0.000000000000e+00, best bound 0.000000000000e+00, gap 0.0000%
