
Gurobi 11.0.0 (linux64) logging started Mon Mar 18 15:22:14 2024

Set parameter LogFile to value "log_auto/4x4_T.log"
Set parameter InfUnbdInfo to value 1
Gurobi Optimizer version 11.0.0 build v11.0.0rc2 (linux64 - "AlmaLinux 9.3 (Shamrock Pampas Cat)")

CPU model: Intel(R) Xeon(R) W-1290P CPU @ 3.70GHz, instruction set [SSE2|AVX|AVX2]
Thread count: 10 physical cores, 20 logical processors, using up to 20 threads

Optimize a model with 29566 rows, 8412 columns and 91487 nonzeros
Model fingerprint: 0xe1d2ec7d
Variable types: 4043 continuous, 4369 integer (0 binary)
Coefficient statistics:
  Matrix range     [1e+00, 1e+02]
  Objective range  [6e+01, 6e+01]
  Bounds range     [1e+00, 3e+00]
  RHS range        [1e+00, 1e+02]
Using branch priorities (all 0).
Presolve removed 7733 rows and 4009 columns
Presolve time: 0.08s
Presolved: 21833 rows, 4403 columns, 75226 nonzeros
Variable types: 0 continuous, 4403 integer (4204 binary)
Found heuristic solution: objective 3840.0000000
Found heuristic solution: objective 3776.0000000
Found heuristic solution: objective 3520.0000000

Root relaxation: objective 0.000000e+00, 1698 iterations, 0.07 seconds (0.14 work units)

    Nodes    |    Current Node    |     Objective Bounds      |     Work
 Expl Unexpl |  Obj  Depth IntInf | Incumbent    BestBd   Gap | It/Node Time

     0     0    0.00000    0   79 3520.00000    0.00000   100%     -    0s
H    0     0                    1472.0000000    0.00000   100%     -    0s
H    0     0                    1216.0000000    0.00000   100%     -    0s
H    0     0                     960.0000000    0.00000   100%     -    0s
     0     0    0.00000    0  119  960.00000    0.00000   100%     -    0s
H    0     0                     896.0000000    0.00000   100%     -    0s
     0     0    0.00000    0  124  896.00000    0.00000   100%     -    0s
     0     0    0.00000    0   71  896.00000    0.00000   100%     -    0s
     0     0    0.00000    0   78  896.00000    0.00000   100%     -    1s
     0     0    0.00000    0   80  896.00000    0.00000   100%     -    1s
H    0     0                     832.0000000    0.00000   100%     -    1s
H    0     0                     768.0000000    0.00000   100%     -    1s
H    0     0                     704.0000000    0.00000   100%     -    1s
H    0     0                     640.0000000    0.00000   100%     -    1s
     0     0    0.00000    0   80  640.00000    0.00000   100%     -    1s
H    0     0                     576.0000000    0.00000   100%     -    1s
     0     0    0.00000    0   53  576.00000    0.00000   100%     -    2s
     0     0    0.00000    0   58  576.00000    0.00000   100%     -    2s
H    0     0                     448.0000000    0.00000   100%     -    2s
     0     0    0.00000    0   53  448.00000    0.00000   100%     -    2s
     0     0    0.00000    0   60  448.00000    0.00000   100%     -    2s
     0     0    0.00000    0   54  448.00000    0.00000   100%     -    2s
     0     0    0.00000    0   64  448.00000    0.00000   100%     -    2s
     0     0    0.00000    0   85  448.00000    0.00000   100%     -    3s
     0     0    0.00000    0   74  448.00000    0.00000   100%     -    3s
     0     2    0.00000    0   68  448.00000    0.00000   100%     -    3s
    35    26    0.00000    6  139  448.00000    0.00000   100%   195    6s
H   76    55                     384.0000000    0.00000   100%   123    7s
   860  1586   64.00000   74   88  384.00000    0.00000   100%  27.0   12s
  5228  4368    0.00000   53   64  384.00000    0.00000   100%  10.6   15s
H 6540  4160                     320.0000000    0.00000   100%  10.7   19s
H 6542  3953                     256.0000000    0.00000   100%  10.7   19s
  6545  3955    0.00000  101   34  256.00000    0.00000   100%  10.7   20s
  6589  3979    0.00000   21   45  256.00000    0.00000   100%  14.6   25s
  7403  4669    0.00000   64   60  256.00000    0.00000   100%  18.0   32s
  7929  5426    0.00000   83   86  256.00000    0.00000   100%  21.6   35s
H11165  4849                     192.0000000    0.00000   100%  23.0   38s
 11967  5009  128.00000   95   84  192.00000    0.00000   100%  23.7   44s
 11979  5501  128.00000   96   81  192.00000    0.00000   100%  23.8   45s
 15679  7506    0.00000  106   66  192.00000    0.00000   100%  24.5   51s
 18604  9452   64.00000  200   64  192.00000    0.00000   100%  23.0   55s
 30219 16720  128.00000  230   53  192.00000    0.00000   100%  18.2   60s
 33444 23090    7.11111   94  117  192.00000    0.00000   100%  17.4   81s
 43253 26605  128.00000  195  100  192.00000    0.00000   100%  15.6   85s
 50725 29628    0.00000  212   60  192.00000    0.00000   100%  16.0   91s
 58551 32544    0.00000   65   69  192.00000    0.00000   100%  17.1   95s
 62258 36041   64.00000   83   81  192.00000    0.00000   100%  17.2  100s
 63956 36335  128.00000  225   75  192.00000    0.00000   100%  17.2  106s
 65334 37149  128.00000  139   84  192.00000    0.00000   100%  17.6  112s
 66313 38260   64.00000  126   68  192.00000    0.00000   100%  17.9  115s
 70327 41790     cutoff  130       192.00000    0.00000   100%  19.2  121s
 75610 43150   89.60000  189   75  192.00000    0.00000   100%  19.7  125s
 82055 46826   64.00000  111   53  192.00000    0.00000   100%  20.0  130s
 87955 49477   64.00000   74  110  192.00000    0.00000   100%  20.3  135s
 95980 54379    0.00000  112   84  192.00000    0.00000   100%  20.1  140s
 103782 59001    0.00000   94   74  192.00000    0.00000   100%  19.6  146s
 111009 63018    0.00000  115   30  192.00000    0.00000   100%  19.3  153s
 112791 64195    0.00000  157   44  192.00000    0.00000   100%  19.5  155s
 115254 66083    0.00000   61   73  192.00000    0.00000   100%  19.8  160s
 117868 68739    0.00000   92   44  192.00000    0.00000   100%  19.8  167s
 119593 69804    0.00000   59   57  192.00000    0.00000   100%  19.8  170s
 125624 74637    0.00000  117   49  192.00000    0.00000   100%  19.9  175s
 133848 77779    0.00000  198   53  192.00000    0.00000   100%  19.3  183s
 133910 83956 infeasible  201       192.00000    0.00000   100%  19.3  188s
 145574 85255    0.00000   67   70  192.00000    0.00000   100%  18.7  190s
 150265 89246   64.00000   88   87  192.00000    0.00000   100%  18.6  196s
 158256 94777    0.00000  103   66  192.00000    0.00000   100%  18.4  200s
 166067 99336  128.00000  358   67  192.00000    0.00000   100%  18.2  205s
 169991 103113    0.00000   76   62  192.00000    0.00000   100%  18.2  211s
 175093 105770    0.00000  242   58  192.00000    0.00000   100%  18.4  215s
 179547 107725   64.00000  188   39  192.00000    0.00000   100%  18.4  222s
 183459 112817   64.00000  187   72  192.00000    0.00000   100%  18.3  227s
 192786 116886     cutoff  236       192.00000    0.00000   100%  18.2  230s
 199802 121361   64.00000  213   52  192.00000    0.00000   100%  18.1  236s
 211549 125716   64.00000  209   64  192.00000    0.00000   100%  18.0  240s
 219912 129231    0.00000  101   78  192.00000    0.00000   100%  17.9  245s
 226575 134570    0.00000   84   57  192.00000    0.00000   100%  17.8  250s
 233873 140336   64.00000  197   49  192.00000    0.00000   100%  17.7  255s
 248539 146391    0.00000  156   57  192.00000    0.00000   100%  17.5  260s
 257390 149914    0.00000  126   52  192.00000    0.00000   100%  17.5  267s
 258382 150564    0.00000  156   48  192.00000    0.00000   100%  17.6  270s
 266568 155048 infeasible  171       192.00000    0.00000   100%  17.8  276s
 273439 158061  128.00000  105   37  192.00000    0.00000   100%  17.8  280s
 278636 161230    0.00000  112   70  192.00000    0.00000   100%  18.0  285s
 284778 165210 infeasible  194       192.00000    0.00000   100%  18.1  290s
 293368 168926 infeasible  212       192.00000    0.00000   100%  18.0  295s
 300213 175838    0.00000  154   47  192.00000    0.00000   100%  17.8  301s
 306525 176847 infeasible  170       192.00000    0.00000   100%  17.6  306s
 308971 178189  128.00000  108   59  192.00000    0.00000   100%  17.7  310s
 312884 180326   64.00000  148   75  192.00000    0.00000   100%  17.9  315s
 317530 185244  128.00000  142   63  192.00000    0.00000   100%  18.1  322s
 326266 186524 infeasible  192       192.00000    0.00000   100%  18.0  325s
 331723 191041  128.00000  142   77  192.00000    0.00000   100%  18.1  330s
 341838 196224 infeasible  214       192.00000    0.00000   100%  17.9  335s
 348883 199876   64.00000  139   54  192.00000    0.00000   100%  17.9  340s
 349481 200239    0.00000  134   63  192.00000    0.00000   100%  18.0  345s
 353586 202018 infeasible  157       192.00000    0.00000   100%  18.2  350s
 361414 206728 infeasible  156       192.00000    0.00000   100%  18.3  356s
 367318 208830   64.00000  183   67  192.00000    0.00000   100%  18.3  361s
 375537 211871   64.00000  156   72  192.00000    0.00000   100%  18.4  365s
 385068 214770   64.00000  166   81  192.00000    0.00000   100%  18.5  371s
 391305 216709  128.00000  103   47  192.00000    0.00000   100%  18.6  375s
 396569 219470 infeasible  150       192.00000    0.00000   100%  18.7  380s
 398780 219708  128.00000  119   57  192.00000    0.00000   100%  18.7  385s
 401639 221260    0.00000  106   60  192.00000    0.00000   100%  18.8  390s
 405794 222971     cutoff  122       192.00000    0.00000   100%  18.9  395s
 413524 227918   64.00000   96   93  192.00000    0.00000   100%  18.9  400s
 420841 231768   64.00000  114   56  192.00000    0.00000   100%  18.8  405s
 430740 236357   64.00000  138   66  192.00000    0.00000   100%  18.8  411s
 440537 241987  128.00000  235   60  192.00000    0.00000   100%  18.6  415s
 449625 245879    0.00000  149   63  192.00000    0.00000   100%  18.5  420s
 449911 246182   21.33333  163   60  192.00000    0.00000   100%  18.6  425s
 453694 247842    0.00000  151   62  192.00000    0.00000   100%  18.7  430s
 462405 252179   45.33333  142   54  192.00000    0.00000   100%  18.7  435s
 468529 253935    0.00000   84   66  192.00000    0.00000   100%  18.9  440s
 475136 257327 infeasible  108       192.00000    0.00000   100%  18.9  445s
 480365 259205    0.00000   95   46  192.00000    0.00000   100%  19.1  450s
 487721 262784 infeasible  154       192.00000    0.00000   100%  19.3  457s
 495423 264461 infeasible  147       192.00000    0.00000   100%  19.3  460s
 501372 266503    0.00000  105   44  192.00000    0.00000   100%  19.4  465s
 501663 266787    0.00000  197   47  192.00000    0.00000   100%  19.4  470s
 506168 268781   64.00000  110   61  192.00000    0.00000   100%  19.5  475s
 515169 272523  128.00000   88   68  192.00000    0.00000   100%  19.5  480s
 523055 277676 infeasible  164       192.00000    0.00000   100%  19.5  486s
 529868 280711    0.00000  110   42  192.00000    0.00000   100%  19.5  490s
 538672 284974    0.00000  119   37  192.00000    0.00000   100%  19.6  496s
 543961 285727   83.69231  129   72  192.00000    0.00000   100%  19.5  500s
 552723 288357 infeasible  149       192.00000    0.00000   100%  19.6  507s
 554539 289189  128.00000  150   57  192.00000    0.00000   100%  19.7  510s
 559161 290713 infeasible  163       192.00000    0.00000   100%  19.8  516s
 563423 293638    0.00000  135   68  192.00000    0.00000   100%  19.9  520s
 572173 297404   64.00000  135   79  192.00000    0.00000   100%  19.9  525s
 578329 300669   64.00000  151   53  192.00000    0.00000   100%  20.0  531s
 587986 302620   66.00000  168   74  192.00000    0.00000   100%  20.0  535s
 591187 303637 infeasible  172       192.00000    0.00000   100%  20.0  540s
 595479 304933  128.00000  141   54  192.00000    0.00000   100%  20.2  545s
 600915 307027 infeasible  148       192.00000    0.00000   100%  20.3  550s
 610643 308771    0.00000  121   64  192.00000    0.00000   100%  20.4  556s
 616744 309595  102.40000  169   49  192.00000    0.00000   100%  20.5  560s
 624191 312745 infeasible  158       192.00000    0.00000   100%  20.5  565s
 624653 313155    0.00000   93   91  192.00000    0.00000   100%  20.5  570s
H625136 215083                     128.0000000    0.00000   100%  20.5  571s
 625707 216608    0.00000  105   67  128.00000    0.00000   100%  20.5  575s
 632775 222079   64.00000  125   40  128.00000    0.00000   100%  20.5  580s
 645478 227601    0.00000  305   57  128.00000    0.00000   100%  20.3  585s
 652919 230032   10.66667  317   89  128.00000    0.00000   100%  20.3  590s
 660923 232850   21.33333  116   46  128.00000    0.00000   100%  20.3  596s
 667754 233816 infeasible  117       128.00000    0.00000   100%  20.4  600s
 674248 234882 infeasible  190       128.00000    0.00000   100%  20.4  607s
 675194 235032 infeasible  112       128.00000    0.00000   100%  20.5  610s
 680110 236748 infeasible  173       128.00000    0.00000   100%  20.6  616s
 684721 238152   64.00000  178   60  128.00000    0.00000   100%  20.8  620s
 690146 239517   64.00000  148   49  128.00000    0.00000   100%  20.8  625s
 697413 241722    0.00000  136   65  128.00000    0.00000   100%  20.9  631s
 702138 243429 infeasible  144       128.00000    0.00000   100%  21.1  636s
 707948 243436    0.00000  156   81  128.00000    0.00000   100%  21.2  642s
 710800 243551    0.00000  166   51  128.00000    0.00000   100%  21.2  645s
 714947 243701   60.80000  159   57  128.00000    0.00000   100%  21.3  650s
 719707 243849    0.00000  139   48  128.00000    0.00000   100%  21.5  655s
 725498 245132    0.00000  125   59  128.00000    0.00000   100%  21.7  661s
 729767 246274    3.41333  154  120  128.00000    0.00000   100%  21.8  665s
 734386 247688    4.26667   96   50  128.00000    0.00000   100%  21.9  670s
 739136 248286   38.40000  118   64  128.00000    0.00000   100%  22.0  677s
 740938 248746    0.00000  135   55  128.00000    0.00000   100%  22.1  680s
 746359 249445    4.26667  106   58  128.00000    0.00000   100%  22.2  686s
 751019 249952 infeasible  146       128.00000    0.00000   100%  22.3  690s
 755623 250165    0.00000  121   49  128.00000    0.00000   100%  22.5  695s
 758926 252346 infeasible  144       128.00000    0.00000   100%  22.6  700s
 767009 256827    0.00000  240   66  128.00000    0.00000   100%  22.5  705s
 774049 259467    0.00000  111   61  128.00000    0.00000   100%  22.4  712s
 775530 259997   42.66667  249   74  128.00000    0.00000   100%  22.4  715s
 780159 260557    0.00000  106   61  128.00000    0.00000   100%  22.5  721s
 787563 262828     cutoff  278       128.00000    0.00000   100%  22.6  725s
 794009 263580    0.00000  164   49  128.00000    0.00000   100%  22.6  730s
 796828 264346    3.60805  129   57  128.00000    0.00000   100%  22.7  735s
 805190 265187    0.00000  176   65  128.00000    0.00000   100%  22.8  740s
 813419 265937   64.00000  153   71  128.00000    0.00000   100%  22.9  746s
 817547 265951 infeasible  172       128.00000    0.00000   100%  23.0  751s
 824605 266561    3.93846  159   86  128.00000    0.00000   100%  23.1  755s
 825696 266614 infeasible  184       128.00000    0.00000   100%  23.1  760s
 830290 270222     cutoff  186       128.00000    0.00000   100%  23.2  766s
 834445 271208    0.00000   86   74  128.00000    0.00000   100%  23.2  770s
 844244 276043    0.00000  166   52  128.00000    0.00000   100%  23.1  775s
 851621 279467    2.13333  146   85  128.00000    0.00000   100%  23.1  780s
 857456 280825    0.00000  166   52  128.00000    0.00000   100%  23.1  785s
 866542 284282   64.00000  134   53  128.00000    0.00000   100%  23.1  791s
 871826 284347     cutoff  171       128.00000    0.00000   100%  23.1  796s
 874635 284522 infeasible  199       128.00000    0.00000   100%  23.2  800s
 877802 286988   64.00000  132   76  128.00000    0.00000   100%  23.2  806s
 884752 292109 infeasible  281       128.00000    0.00000   100%  23.1  810s
 897153 296547 infeasible  253       128.00000    0.00000   100%  22.9  815s
 905160 299329   64.00000  224   28  128.00000    0.00000   100%  22.8  820s
 914575 299199    0.00000  183   45  128.00000    0.00000   100%  22.8  825s
 920542 299832    6.40000  192   53  128.00000    0.00000   100%  22.9  830s
 921398 299836    0.00000  176   44  128.00000    0.00000   100%  22.9  836s
 921414 301099    0.00000  177   43  128.00000    0.00000   100%  22.9  845s
 934387 301933    0.00000  182   53  128.00000    0.00000   100%  23.1  851s
 938893 302506    0.00000  203   58  128.00000    0.00000   100%  23.2  856s
 943293 302984   64.00000  147   55  128.00000    0.00000   100%  23.3  860s
 949058 303501     cutoff  168       128.00000    0.00000   100%  23.5  866s
 954452 303881    0.00000  164   54  128.00000    0.00000   100%  23.5  870s
 960384 304959   12.80000  187   89  128.00000    0.00000   100%  23.5  877s
 961655 305041 infeasible  163       128.00000    0.00000   100%  23.6  880s
 965856 306855 infeasible  114       128.00000    0.00000   100%  23.7  885s
 970755 309065    0.00000  101   75  128.00000    0.00000   100%  23.7  890s
 973308 312009   64.00000   93   60  128.00000    0.00000   100%  23.7  895s
 978309 316575    0.00000   83   42  128.00000    0.00000   100%  23.6  900s
 984578 321345   64.00000  105   42  128.00000    0.00000   100%  23.5  905s
 990196 324043   64.00000  165   90  128.00000    0.00000   100%  23.5  914s
 990206 325323   64.00000  166   91  128.00000    0.00000   100%  23.5  915s
 995978 329292    0.00000   90   67  128.00000    0.00000   100%  23.5  921s
 1002857 333964    0.00000   97   64  128.00000    0.00000   100%  23.4  926s
 1006523 337493    0.00000  104   67  128.00000    0.00000   100%  23.4  930s
 1012765 341842   64.00000   99   43  128.00000    0.00000   100%  23.3  935s
 1020756 347572    0.00000   85   38  128.00000    0.00000   100%  23.3  941s
 1028483 351284    0.00000  105   57  128.00000    0.00000   100%  23.2  945s
 1038630 354494   16.00000  153   90  128.00000    0.00000   100%  23.1  954s
 1038647 355203   64.00000  154   97  128.00000    0.00000   100%  23.1  955s
 1049872 359152   64.00000  154   66  128.00000    0.00000   100%  23.0  960s
 1061268 362040   64.00000  309   66  128.00000    0.00000   100%  22.9  965s
 1066546 362961 infeasible  298       128.00000    0.00000   100%  22.9  970s
 1073362 369411    0.00000   74   83  128.00000    0.00000   100%  22.9  975s
 1081679 374033   64.00000  248   53  128.00000    0.00000   100%  22.8  980s
 1091176 380168   64.00000  205   37  128.00000    0.00000   100%  22.7  986s
 1104801 384276   64.00000  154   79  128.00000    0.00000   100%  22.6  990s
 1114558 386573     cutoff  288       128.00000    0.00000   100%  22.5  995s
 1124007 388822     cutoff  198       128.00000    0.00000   100%  22.5 1001s
 1129658 389075   64.00000  199   43  128.00000    0.00000   100%  22.5 1006s
 1131601 389075   64.00000  131   70  128.00000    0.00000   100%  22.5 1010s
 1135691 391955    0.00000  108   59  128.00000    0.00000   100%  22.6 1015s
 1144393 395590   64.00000  135   50  128.00000    0.00000   100%  22.5 1020s
 1148648 398148   64.00000  150   60  128.00000    0.00000   100%  22.5 1025s
 1158715 401993   64.00000  242   70  128.00000    0.00000   100%  22.5 1031s
 1166753 405461    0.00000  154   70  128.00000    0.00000   100%  22.5 1035s
 1171190 406569    0.00000  113   47  128.00000    0.00000   100%  22.5 1040s
 1173380 406862 infeasible  140       128.00000    0.00000   100%  22.6 1045s
 1177295 407677    0.00000  125   66  128.00000    0.00000   100%  22.6 1050s
 1181218 408327   64.00000  122   67  128.00000    0.00000   100%  22.7 1055s
 1187076 408843    0.00000  115   55  128.00000    0.00000   100%  22.8 1060s
 1193268 409633    0.66667  135  115  128.00000    0.00000   100%  22.8 1066s
 1196649 410245   64.00000  144   99  128.00000    0.00000   100%  22.9 1070s
 1204111 415513 infeasible  156       128.00000    0.00000   100%  22.9 1076s
 1211789 420669   64.00000  149   63  128.00000    0.00000   100%  22.8 1080s
 1217942 421467    0.00000  123   64  128.00000    0.00000   100%  22.8 1085s
 1221358 422280    0.00000  132   50  128.00000    0.00000   100%  22.8 1090s
 1224960 423524    0.00000  142   84  128.00000    0.00000   100%  22.9 1095s
 1231979 426873 infeasible  222       128.00000    0.00000   100%  22.8 1100s
 1236097 429231   64.00000  106   96  128.00000    0.00000   100%  22.9 1106s
 1244062 431395    0.00000  137   62  128.00000    0.00000   100%  22.9 1110s
 1249300 432931    0.00000  192   97  128.00000    0.00000   100%  23.0 1115s
 1252241 433405    0.00000  212   71  128.00000    0.00000   100%  23.0 1122s
 1253440 433784 infeasible  208       128.00000    0.00000   100%  23.1 1125s
 1258361 434617 infeasible  240       128.00000    0.00000   100%  23.2 1130s
 1261409 435060     cutoff  255       128.00000    0.00000   100%  23.3 1135s
 1267304 436018    0.00000  208   55  128.00000    0.00000   100%  23.4 1141s
 1274883 438457    0.00000  201   57  128.00000    0.00000   100%  23.4 1145s
 1280774 441252    0.00000  135   63  128.00000    0.00000   100%  23.4 1151s
 1286637 445678    0.00000  142   60  128.00000    0.00000   100%  23.4 1155s
 1292599 447368   12.80000  241   79  128.00000    0.00000   100%  23.4 1161s
 1295475 448336 infeasible  267       128.00000    0.00000   100%  23.4 1165s
 1300787 450132    3.60805  206   72  128.00000    0.00000   100%  23.4 1171s
 1308926 452840 infeasible  181       128.00000    0.00000   100%  23.4 1175s
 1315457 455273   64.00000  167   56  128.00000    0.00000   100%  23.5 1180s
 1322886 456185    0.00000  315   61  128.00000    0.00000   100%  23.5 1186s
 1328992 458167 infeasible  200       128.00000    0.00000   100%  23.5 1190s
 1333726 459869    5.12000  214   61  128.00000    0.00000   100%  23.6 1196s
 1337924 459868    0.00000  178   54  128.00000    0.00000   100%  23.6 1200s
 1341325 460647    0.00000  193   58  128.00000    0.00000   100%  23.6 1205s
 1348141 461662   64.00000  214   47  128.00000    0.00000   100%  23.7 1211s
 1355281 463403    0.00000  233   60  128.00000    0.00000   100%  23.7 1215s
 1363796 465123 infeasible  137       128.00000    0.00000   100%  23.7 1221s
 1365630 466899    0.00000  223   62  128.00000    0.00000   100%  23.7 1225s
 1374066 468888    0.00000  131   52  128.00000    0.00000   100%  23.7 1230s
 1377647 469438   64.00000  119   66  128.00000    0.00000   100%  23.7 1235s
 1380332 470189 infeasible  198       128.00000    0.00000   100%  23.8 1240s
 1385551 471704 infeasible  179       128.00000    0.00000   100%  23.8 1246s
 1393260 473523     cutoff  191       128.00000    0.00000   100%  23.8 1250s
 1399682 476109    3.60805  183   92  128.00000    0.00000   100%  23.9 1257s
 1405977 476458 infeasible   83       128.00000    0.00000   100%  23.9 1260s
 1411040 478727    0.00000   96   47  128.00000    0.00000   100%  24.0 1266s
 1416006 483215    0.00000  119   48  128.00000    0.00000   100%  24.0 1271s
 1422102 483202 infeasible  163       128.00000    0.00000   100%  23.9 1275s
 1424323 484342    0.00000  106   54  128.00000    0.00000   100%  24.0 1280s
 1428008 485567    0.00000  157   61  128.00000    0.00000   100%  24.0 1285s
 1432562 486278    0.00000  109   72  128.00000    0.00000   100%  24.1 1290s
 1436533 487088 infeasible  102       128.00000    0.00000   100%  24.2 1295s
 1441702 487970    0.00000  114   52  128.00000    0.00000   100%  24.2 1300s
 1446903 490159    0.00000  117   54  128.00000    0.00000   100%  24.3 1306s
 1452050 490597 infeasible  107       128.00000    0.00000   100%  24.3 1313s
 1457311 490873    9.21600  118   73  128.00000    0.00000   100%  24.4 1315s
 1458848 491104 infeasible  124       128.00000    0.00000   100%  24.4 1321s
 1462987 491607    0.00000  142   53  128.00000    0.00000   100%  24.5 1325s
 1467797 492079   64.00000   92   70  128.00000    0.00000   100%  24.6 1331s
 1472017 492399 infeasible  116       128.00000    0.00000   100%  24.7 1336s
 1474274 492980 infeasible  123       128.00000    0.00000   100%  24.7 1340s
 1479576 493610    2.97674  128   71  128.00000    0.00000   100%  24.8 1345s
 1484948 494127     cutoff  140       128.00000    0.00000   100%  24.9 1350s
 1486694 494129   64.00000  115   82  128.00000    0.00000   100%  24.9 1355s
 1486712 494632 infeasible  116       128.00000    0.00000   100%  24.9 1365s
 1499223 494837    0.00000  103   63  128.00000    0.00000   100%  25.1 1370s
 1503498 495592   64.00000   91   81  128.00000    0.00000   100%  25.1 1375s
 1509875 497559    2.50980  268  105  128.00000    0.00000   100%  25.2 1380s
 1516859 499148 infeasible  298       128.00000    0.00000   100%  25.2 1385s
 1521163 501179    0.00000  290   76  128.00000    0.00000   100%  25.3 1390s
 1524827 501282   64.00000  104   76  128.00000    0.00000   100%  25.3 1395s
 1527861 502798 infeasible  213       128.00000    0.00000   100%  25.3 1400s
 1533562 505578   64.00000  147   66  128.00000    0.00000   100%  25.4 1406s
 1539016 506076   64.00000  160   58  128.00000    0.00000   100%  25.4 1410s
 1546718 507840    0.00000  176   69  128.00000    0.00000   100%  25.4 1415s
 1553506 508506    0.00000  189   66  128.00000    0.00000   100%  25.4 1421s
 1560286 509934 infeasible  198       128.00000    0.00000   100%  25.4 1425s
 1566055 511022    0.00000  229   59  128.00000    0.00000   100%  25.4 1432s
 1568626 511732     cutoff  210       128.00000    0.00000   100%  25.5 1435s
 1571755 512379   27.02222  236   71  128.00000    0.00000   100%  25.5 1440s
 1578327 513516     cutoff  207       128.00000    0.00000   100%  25.6 1446s
 1583856 514455    0.00000   63   66  128.00000    0.00000   100%  25.6 1450s
 1591545 517683    0.00000  139   58  128.00000    0.00000   100%  25.6 1455s
 1598522 519975    0.00000  150   68  128.00000    0.00000   100%  25.6 1460s
 1605720 521948    0.00000  122   56  128.00000    0.00000   100%  25.6 1465s
 1610411 523082 infeasible  302       128.00000    0.00000   100%  25.6 1472s
 1610457 523440    0.00000  105   51  128.00000    0.00000   100%  25.6 1480s
 1622634 523908    0.00000  194   54  128.00000    0.00000   100%  25.7 1485s
 1628040 523866    0.00000  169   60  128.00000    0.00000   100%  25.7 1490s
 1630015 523864    0.00000   78   75  128.00000    0.00000   100%  25.7 1496s
 1633853 523996 infeasible  114       128.00000    0.00000   100%  25.8 1501s
 1638812 524242 infeasible  108       128.00000    0.00000   100%  25.8 1505s
 1644269 524268    0.00000  210   63  128.00000    0.00000   100%  25.8 1510s
 1651199 524189 infeasible  101       128.00000    0.00000   100%  25.8 1516s
 1654424 524148    0.00000  134   62  128.00000    0.00000   100%  25.8 1521s
 1657986 524217 infeasible  127       128.00000    0.00000   100%  25.9 1525s
 1663423 524176    1.18519  118   78  128.00000    0.00000   100%  25.9 1531s
 1668052 524543    0.00000  138   42  128.00000    0.00000   100%  25.9 1535s
 1673644 525036   64.00000  108   68  128.00000    0.00000   100%  26.0 1541s
 1678789 525428 infeasible  148       128.00000    0.00000   100%  26.0 1545s
 1682805 525831 infeasible  110       128.00000    0.00000   100%  26.0 1550s
 1689691 526085    2.04255   90   71  128.00000    0.00000   100%  26.1 1556s
 1692873 526124    0.00000  153   52  128.00000    0.00000   100%  26.1 1562s
 1694686 526308     cutoff  104       128.00000    0.00000   100%  26.1 1566s
 1700359 526610 infeasible  122       128.00000    0.00000   100%  26.2 1570s
 1706873 527194 infeasible  141       128.00000    0.00000   100%  26.2 1576s
 1710469 527496   25.60000  143   69  128.00000    0.00000   100%  26.2 1581s
 1715838 527665    0.00000  145   62  128.00000    0.00000   100%  26.3 1585s
 1720710 528090    3.20000  143   78  128.00000    0.00000   100%  26.3 1590s
 1725795 528441    0.00000  125   72  128.00000    0.00000   100%  26.3 1595s
 1727240 528444 infeasible  204       128.00000    0.00000   100%  26.4 1600s
 1732252 528640 infeasible   95       128.00000    0.00000   100%  26.4 1606s
 1735911 528797 infeasible  199       128.00000    0.00000   100%  26.4 1610s
 1742401 529436     cutoff  130       128.00000    0.00000   100%  26.5 1616s
 1746905 530127    0.00000  137   76  128.00000    0.00000   100%  26.5 1620s
 1752018 531527   64.00000  128   65  128.00000    0.00000   100%  26.5 1625s
 1760160 531775   19.69231  114   74  128.00000    0.00000   100%  26.5 1631s
 1765046 531817 infeasible  118       128.00000    0.00000   100%  26.6 1635s
 1766663 531985   64.00000   95   64  128.00000    0.00000   100%  26.6 1641s
 1771978 532312    0.00000  139   45  128.00000    0.00000   100%  26.6 1646s
 1776946 532331    0.00000  104   50  128.00000    0.00000   100%  26.6 1651s
 1783577 532792   64.00000  118   53  128.00000    0.00000   100%  26.7 1655s
 1788516 533038   64.00000   96   43  128.00000    0.00000   100%  26.7 1660s
 1795611 533586 infeasible  182       128.00000    0.00000   100%  26.7 1665s
 1801811 533729    0.00000   92   76  128.00000    0.00000   100%  26.7 1670s
 1808792 534426 infeasible  172       128.00000    0.00000   100%  26.7 1675s
 1814742 535313 infeasible  118       128.00000    0.00000   100%  26.7 1680s
 1820744 535659    0.00000   88   61  128.00000    0.00000   100%  26.8 1688s
 1822444 535649    0.00000  174   48  128.00000    0.00000   100%  26.8 1690s
 1828955 535739    0.00000  110   51  128.00000    0.00000   100%  26.8 1695s
 1832181 535830    0.00000  122   57  128.00000    0.00000   100%  26.8 1700s
 1838178 536211    8.25806   94   71  128.00000    0.00000   100%  26.9 1705s
 1843756 536910    0.00000   99   66  128.00000    0.00000   100%  26.9 1710s
 1848999 537348   64.00000  117   67  128.00000    0.00000   100%  26.9 1716s
 1853785 538041    0.00000  142   46  128.00000    0.00000   100%  27.0 1720s
 1859226 539014    4.92308  138   68  128.00000    0.00000   100%  27.0 1725s
 1864750 539097 infeasible  119       128.00000    0.00000   100%  27.0 1731s
 1866490 539351   64.00000  213   46  128.00000    0.00000   100%  27.0 1739s
 1873061 539497    0.00000  109   73  128.00000    0.00000   100%  27.0 1740s
 1879232 540030    0.00000  151   75  128.00000    0.00000   100%  27.0 1746s
 1884453 540371    0.00000   90   53  128.00000    0.00000   100%  27.1 1750s
 1887831 540840    0.00000  177   77  128.00000    0.00000   100%  27.1 1755s
 1894340 541306 infeasible   82       128.00000    0.00000   100%  27.1 1760s
 1899080 541517 infeasible  124       128.00000    0.00000   100%  27.2 1765s
 1904459 541797 infeasible  114       128.00000    0.00000   100%  27.2 1771s
 1907794 541903   64.00000  120   42  128.00000    0.00000   100%  27.3 1777s
 1909515 542007 infeasible  176       128.00000    0.00000   100%  27.3 1780s
 1915982 542148 infeasible   69       128.00000    0.00000   100%  27.3 1786s
 1919324 542695 infeasible   96       128.00000    0.00000   100%  27.4 1794s
 1925053 542810    2.90909  146   59  128.00000    0.00000   100%  27.4 1795s
 1930130 543041 infeasible   99       128.00000    0.00000   100%  27.4 1800s
 1936496 543412    0.00000  102   45  128.00000    0.00000   100%  27.5 1806s
 1940920 543649 infeasible  150       128.00000    0.00000   100%  27.5 1811s
 1946294 543890 infeasible   96       128.00000    0.00000   100%  27.5 1815s
 1948028 543887 infeasible  102       128.00000    0.00000   100%  27.5 1820s
 1952232 544173    0.00000  132   84  128.00000    0.00000   100%  27.6 1826s
 1957417 544394 infeasible  124       128.00000    0.00000   100%  27.6 1830s
 1963242 544661    0.00000  191   66  128.00000    0.00000   100%  27.6 1835s
 1967926 544935    0.00000  203   59  128.00000    0.00000   100%  27.6 1841s
 1972257 545207    0.00000  186   89  128.00000    0.00000   100%  27.7 1845s
 1976824 545338   21.33333  206   82  128.00000    0.00000   100%  27.7 1850s
 1983284 545580    0.00000  142   72  128.00000    0.00000   100%  27.8 1856s
 1984888 545670    0.00000  110   70  128.00000    0.00000   100%  27.8 1861s
 1986803 545929   64.00000   79   63  128.00000    0.00000   100%  27.8 1865s
 1993412 546362    0.00000  116   67  128.00000    0.00000   100%  27.8 1871s
 1997917 546554   12.80000  136   39  128.00000    0.00000   100%  27.9 1875s
 2002756 546703    0.00000  106   43  128.00000    0.00000   100%  27.9 1880s
 2007657 546730    0.00000  142   66  128.00000    0.00000   100%  27.9 1885s
 2013653 547196    0.00000  141   60  128.00000    0.00000   100%  28.0 1890s
 2018097 547988    0.00000  110   83  128.00000    0.00000   100%  28.0 1896s
 2019625 547989   64.00000  120   59  128.00000    0.00000   100%  28.0 1900s
 2024266 549321    0.00000  137   89  128.00000    0.00000   100%  28.0 1906s
 2027485 550204   42.66667  195   60  128.00000    0.00000   100%  28.0 1910s
 2032869 550553    0.00000  136   48  128.00000    0.00000   100%  28.1 1915s
 2040876 552056     cutoff  210       128.00000    0.00000   100%  28.1 1921s
 2047830 552883 infeasible  140       128.00000    0.00000   100%  28.1 1925s
 2051757 553322   42.66667  200   57  128.00000    0.00000   100%  28.1 1930s
 2055846 554358   64.00000  153   72  128.00000    0.00000   100%  28.1 1937s
 2057592 555143   64.00000  151   56  128.00000    0.00000   100%  28.1 1941s
 2060969 555898    5.81818  167   84  128.00000    0.00000   100%  28.1 1946s
 2065099 557701    0.00000  205   69  128.00000    0.00000   100%  28.2 1950s
 2076273 558349   64.00000  132   73  128.00000    0.00000   100%  28.1 1956s
 2080527 560376    0.00000  120   45  128.00000    0.00000   100%  28.2 1960s
 2086784 560675    0.00000  173   62  128.00000    0.00000   100%  28.1 1965s
 2093216 565151    0.00000  106   42  128.00000    0.00000   100%  28.1 1970s
 2100659 568552   32.00000  118   71  128.00000    0.00000   100%  28.1 1975s
 2102450 568556   64.00000  116   47  128.00000    0.00000   100%  28.0 1980s
 2105581 569613    4.57143  150   62  128.00000    0.00000   100%  28.1 1985s
 2109152 572368    0.00000  123   73  128.00000    0.00000   100%  28.1 1990s
 2118784 576679   64.00000  184   81  128.00000    0.00000   100%  28.0 1995s
 2128145 579760     cutoff  220       128.00000    0.00000   100%  28.0 2000s
 2134825 581371 infeasible  253       128.00000    0.00000   100%  27.9 2005s
 2139714 582129 infeasible  126       128.00000    0.00000   100%  28.0 2010s
 2145624 583817   11.63636  116   61  128.00000    0.00000   100%  28.0 2015s
 2152390 585045 infeasible  170       128.00000    0.00000   100%  28.0 2020s
 2156435 585455    0.00000  149   58  128.00000    0.00000   100%  28.0 2025s
 2160457 585904 infeasible   84       128.00000    0.00000   100%  28.0 2030s
 2163045 586121   64.00000  122   53  128.00000    0.00000   100%  28.0 2035s
 2169235 586348 infeasible  108       128.00000    0.00000   100%  28.0 2040s
 2173891 586740    0.00000   76   46  128.00000    0.00000   100%  28.1 2046s
 2178094 589934    0.00000  115   60  128.00000    0.00000   100%  28.1 2051s
 2184285 592631 infeasible  126       128.00000    0.00000   100%  28.0 2055s
 2194859 599543   64.00000  203   68  128.00000    0.00000   100%  28.0 2060s
 2201826 603656    0.00000  191  104  128.00000    0.00000   100%  27.9 2066s
 2205990 603904 infeasible  215       128.00000    0.00000   100%  27.9 2072s
 2207821 604606 infeasible  246       128.00000    0.00000   100%  27.9 2075s
 2213280 605503   28.44444  241   69  128.00000    0.00000   100%  28.0 2080s
 2217504 605975 infeasible  105       128.00000    0.00000   100%  28.0 2085s
 2223032 606318    0.00000  283   64  128.00000    0.00000   100%  28.0 2091s
 2230159 607699    0.00000  153   74  128.00000    0.00000   100%  28.0 2095s
 2234356 607924 infeasible  259       128.00000    0.00000   100%  28.0 2100s
 2241698 609385 infeasible  139       128.00000    0.00000   100%  28.1 2105s
 2244123 609520    9.60000  268   81  128.00000    0.00000   100%  28.1 2111s
 2246563 610124    0.00000  157   55  128.00000    0.00000   100%  28.1 2115s
 2250643 610867    0.00000  203   61  128.00000    0.00000   100%  28.1 2120s
H2254111 237440                      64.0000000    0.00000   100%  28.1 2123s
 2254333 237400    0.00000  244   45   64.00000    0.00000   100%  28.1 2125s
 2254382 237433    0.00000   33   41   64.00000    0.00000   100%  28.1 2130s
 2254877 237798 infeasible   64        64.00000    0.00000   100%  28.1 2135s
 2255798 237788    0.00000   99   28   64.00000    0.00000   100%  28.1 2145s
 2256722 238238    0.00000  147   38   64.00000    0.00000   100%  28.1 2151s
 2257957 238572    0.00000   92   39   64.00000    0.00000   100%  28.2 2156s
H2258687 224942                       0.0000000    0.00000  0.00%  28.2 2159s

Cutting planes:
  Learned: 5
  Gomory: 6
  Cover: 18
  Implied bound: 10
  Projected implied bound: 1
  Clique: 6
  MIR: 6
  Flow cover: 19
  GUB cover: 3
  Zero half: 3
  RLT: 7
  Relax-and-lift: 19

Explored 2258994 nodes (63702751 simplex iterations) in 2159.46 seconds (4152.60 work units)
Thread count was 20 (of 20 available processors)

Solution count 10: 0 0 64 ... 576

Optimal solution found (tolerance 1.00e-04)
Best objective 0.000000000000e+00, best bound 0.000000000000e+00, gap 0.0000%
